<?xml version="1.0" encoding="UTF-8"?>
<TestRun id="ce5c23c3-7ba8-4834-9af6-5b6a0b17ca1a" name="justbe@JUSTBE-TP 2011-11-20 22:01:18" runUser="REDMOND\justbe" xmlns="http://microsoft.com/schemas/VisualStudio/TeamTest/2010">
  <TestSettings name="Local" id="8a8bbe6e-a5e9-4f47-8ba5-02fa60cdc921">
    <Description>These are default test settings for a local test run.</Description>
    <Deployment enabled="false" runDeploymentRoot="justbe_JUSTBE-TP 2011-11-20 22_01_18">
      <DeploymentItem filename="C:\Users\justbe\Mesh\Code\OrangeBits\OrangeBits\bin\Debug\OrangeBits.dll" />
    </Deployment>
    <Execution>
      <TestTypeSpecific />
      <AgentRule name="Execution Agents">
      </AgentRule>
    </Execution>
  </TestSettings>
  <Times creation="2011-11-20T22:01:18.2614649-08:00" queuing="2011-11-20T22:01:19.5694649-08:00" start="2011-11-20T22:01:19.7604649-08:00" finish="2011-11-20T22:01:52.5944649-08:00" />
  <ResultSummary outcome="Completed">
    <Counters total="1" executed="1" passed="1" error="0" failed="0" timeout="0" aborted="0" inconclusive="0" passedButRunAborted="0" notRunnable="0" notExecuted="0" disconnected="0" warning="0" completed="0" inProgress="0" pending="0" />
  </ResultSummary>
  <TestDefinitions>
    <UnitTest name="TestMethod1" storage="c:\users\justbe\mesh\code\orangebits\unittests\bin\debug\unittests.dll" id="cf5afc75-7676-8489-d4d1-13ceb3eae42d">
      <Execution id="ca8a7a0d-b304-406d-a6d3-d79f24fc6a62" />
      <TestMethod codeBase="C:/Users/justbe/Mesh/Code/OrangeBits/UnitTests/bin/Debug/UnitTests.DLL" adapterTypeName="Microsoft.VisualStudio.TestTools.TestTypes.Unit.UnitTestAdapter, Microsoft.VisualStudio.QualityTools.Tips.UnitTest.Adapter, Version=10.0.0.0, Culture=neutral, PublicKeyToken=b03f5f7f11d50a3a" className="UnitTests.UnitTest1, UnitTests, Version=1.0.0.0, Culture=neutral, PublicKeyToken=null" name="TestMethod1" />
    </UnitTest>
  </TestDefinitions>
  <TestLists>
    <TestList name="Results Not in a List" id="8c84fa94-04c1-424b-9868-57a2d4851a1d" />
    <TestList name="All Loaded Results" id="19431567-8539-422a-85d7-44ee4e166bda" />
  </TestLists>
  <TestEntries>
    <TestEntry testId="cf5afc75-7676-8489-d4d1-13ceb3eae42d" executionId="ca8a7a0d-b304-406d-a6d3-d79f24fc6a62" testListId="8c84fa94-04c1-424b-9868-57a2d4851a1d" />
  </TestEntries>
  <Results>
    <UnitTestResult executionId="ca8a7a0d-b304-406d-a6d3-d79f24fc6a62" testId="cf5afc75-7676-8489-d4d1-13ceb3eae42d" testName="TestMethod1" computerName="JUSTBE-TP" duration="00:00:29.7865726" startTime="2011-11-20T22:01:19.9554649-08:00" endTime="2011-11-20T22:01:52.5204649-08:00" testType="13cdc9d9-ddb5-4fa4-a97d-d965ccfc6d4b" outcome="Passed" testListId="8c84fa94-04c1-424b-9868-57a2d4851a1d" relativeResultsDirectory="ca8a7a0d-b304-406d-a6d3-d79f24fc6a62">
    </UnitTestResult>
  </Results>
</TestRun>