<?xml version="1.0" encoding="UTF-8"?>
<TestRun id="f62c78fd-b05f-44fa-a438-f6a79ab35614" name="justbe@JUSTBE-TP 2011-11-20 22:00:37" runUser="REDMOND\justbe" xmlns="http://microsoft.com/schemas/VisualStudio/TeamTest/2010">
  <TestSettings name="Local" id="8a8bbe6e-a5e9-4f47-8ba5-02fa60cdc921">
    <Description>These are default test settings for a local test run.</Description>
    <Deployment enabled="false" runDeploymentRoot="justbe_JUSTBE-TP 2011-11-20 22_00_37">
      <DeploymentItem filename="C:\Users\justbe\Mesh\Code\OrangeBits\OrangeBits\bin\Debug\OrangeBits.dll" />
    </Deployment>
    <Execution>
      <TestTypeSpecific />
      <AgentRule name="Execution Agents">
      </AgentRule>
    </Execution>
  </TestSettings>
  <Times creation="2011-11-20T22:00:37.7862649-08:00" queuing="2011-11-20T22:00:39.0030649-08:00" start="2011-11-20T22:00:39.1902649-08:00" finish="2011-11-20T22:01:07.1240649-08:00" />
  <ResultSummary outcome="Error">
    <Counters total="1" executed="1" error="0" failed="0" timeout="0" aborted="1" inconclusive="0" passedButRunAborted="0" notRunnable="0" notExecuted="0" disconnected="0" warning="0" passed="0" completed="0" inProgress="0" pending="0" />
    <RunInfos>
      <RunInfo computerName="JUSTBE-TP" outcome="Error" timestamp="2011-11-20T22:01:07.1230649-08:00">
        <Text>Test host process exited unexpectedly.</Text>
      </RunInfo>
    </RunInfos>
  </ResultSummary>
  <TestDefinitions>
    <UnitTest name="TestMethod1" storage="c:\users\justbe\mesh\code\orangebits\unittests\bin\debug\unittests.dll" id="cf5afc75-7676-8489-d4d1-13ceb3eae42d">
      <Execution id="941e62d8-eeb1-475f-bf23-196d95c8d52a" />
      <TestMethod codeBase="C:/Users/justbe/Mesh/Code/OrangeBits/UnitTests/bin/Debug/UnitTests.DLL" adapterTypeName="Microsoft.VisualStudio.TestTools.TestTypes.Unit.UnitTestAdapter, Microsoft.VisualStudio.QualityTools.Tips.UnitTest.Adapter, Version=10.0.0.0, Culture=neutral, PublicKeyToken=b03f5f7f11d50a3a" className="UnitTests.UnitTest1, UnitTests, Version=1.0.0.0, Culture=neutral, PublicKeyToken=null" name="TestMethod1" />
    </UnitTest>
  </TestDefinitions>
  <TestLists>
    <TestList name="Results Not in a List" id="8c84fa94-04c1-424b-9868-57a2d4851a1d" />
    <TestList name="All Loaded Results" id="19431567-8539-422a-85d7-44ee4e166bda" />
  </TestLists>
  <TestEntries>
    <TestEntry testId="cf5afc75-7676-8489-d4d1-13ceb3eae42d" executionId="941e62d8-eeb1-475f-bf23-196d95c8d52a" testListId="8c84fa94-04c1-424b-9868-57a2d4851a1d" />
  </TestEntries>
  <Results>
    <UnitTestResult executionId="941e62d8-eeb1-475f-bf23-196d95c8d52a" testId="cf5afc75-7676-8489-d4d1-13ceb3eae42d" testName="TestMethod1" computerName="JUSTBE-TP" duration="00:00:27.7466000" startTime="2011-11-20T22:00:39.3774649-08:00" endTime="2011-11-20T22:01:07.1240649-08:00" testType="13cdc9d9-ddb5-4fa4-a97d-d965ccfc6d4b" outcome="Aborted" testListId="8c84fa94-04c1-424b-9868-57a2d4851a1d" relativeResultsDirectory="941e62d8-eeb1-475f-bf23-196d95c8d52a">
    </UnitTestResult>
  </Results>
</TestRun>